streamlit run main.py

  You can now view your Streamlit app in your browser.

  Local URL: http://localhost:8501
  Network URL: http://172.28.15.208:8501

read failed 9: Bad file descriptor
read failed 9: Bad file descriptor
read failed 9: Bad file descriptor
read failed 9: Bad file descriptor
2024-07-07 09:13:16.568 Uncaught app exception
Traceback (most recent call last):
  File "/root/miniconda3/envs/dashboard/lib/python3.10/site-packages/streamlit/runtime/scriptrunner/script_runner.py", line 562, in _run_script
    self._session_state.on_script_will_rerun(
  File "/root/miniconda3/envs/dashboard/lib/python3.10/site-packages/streamlit/runtime/state/safe_session_state.py", line 65, in on_script_will_rerun
    self._state.on_script_will_rerun(latest_widget_states)
  File "/root/miniconda3/envs/dashboard/lib/python3.10/site-packages/streamlit/runtime/state/session_state.py", line 514, in on_script_will_rerun
    self._call_callbacks()
  File "/root/miniconda3/envs/dashboard/lib/python3.10/site-packages/streamlit/runtime/state/session_state.py", line 527, in _call_callbacks
    self._new_widget_state.call_callback(wid)
  File "/root/miniconda3/envs/dashboard/lib/python3.10/site-packages/streamlit/runtime/state/session_state.py", line 271, in call_callback
    callback(*args, **kwargs)
  File "/root/miniconda3/envs/dashboard/lib/python3.10/site-packages/streamlit_elements/core/callback.py", line 91, in dispatch
    callback(**frontend_params)
  File "/opt/dashboard/frontend/components/launch_strategy_v2.py", line 54, in launch_new_bot
    if self._bot_name and self._image_name and len(self._controller_config_selected) > 0:
TypeError: object of type 'NoneType' has no len()
2024-07-07 09:36:17.369 Uncaught app exception
Traceback (most recent call last):
  File "/root/miniconda3/envs/dashboard/lib/python3.10/site-packages/streamlit/runtime/scriptrunner/script_runner.py", line 584, in _run_script
    exec(code, module.__dict__)
  File "/opt/dashboard/frontend/pages/orchestration/portfolio/app.py", line 109, in <module>
    total_balance_usd = round(account_state_df["value"].sum(), 2)
  File "/root/miniconda3/envs/dashboard/lib/python3.10/site-packages/pandas/core/frame.py", line 4102, in __getitem__
    indexer = self.columns.get_loc(key)
  File "/root/miniconda3/envs/dashboard/lib/python3.10/site-packages/pandas/core/indexes/range.py", line 417, in get_loc
    raise KeyError(key)
KeyError: 'value'
2024-07-07 09:38:13.978 Uncaught app exception
Traceback (most recent call last):
  File "/root/miniconda3/envs/dashboard/lib/python3.10/site-packages/streamlit/runtime/scriptrunner/script_runner.py", line 562, in _run_script
    self._session_state.on_script_will_rerun(
  File "/root/miniconda3/envs/dashboard/lib/python3.10/site-packages/streamlit/runtime/state/safe_session_state.py", line 65, in on_script_will_rerun
    self._state.on_script_will_rerun(latest_widget_states)
  File "/root/miniconda3/envs/dashboard/lib/python3.10/site-packages/streamlit/runtime/state/session_state.py", line 514, in on_script_will_rerun
    self._call_callbacks()
  File "/root/miniconda3/envs/dashboard/lib/python3.10/site-packages/streamlit/runtime/state/session_state.py", line 527, in _call_callbacks
    self._new_widget_state.call_callback(wid)
  File "/root/miniconda3/envs/dashboard/lib/python3.10/site-packages/streamlit/runtime/state/session_state.py", line 271, in call_callback
    callback(*args, **kwargs)
  File "/root/miniconda3/envs/dashboard/lib/python3.10/site-packages/streamlit_elements/core/callback.py", line 91, in dispatch
    callback(**frontend_params)
  File "/opt/dashboard/frontend/components/launch_strategy_v2.py", line 54, in launch_new_bot
    if self._bot_name and self._image_name and len(self._controller_config_selected) > 0:
TypeError: object of type 'NoneType' has no len()
make: *** [Makefile:7: run] Killed
